[debug] [2022-07-25T00:19:06.550Z] ----------------------------------------------------------------------
[debug] [2022-07-25T00:19:06.553Z] Command:       C:\Program Files\nodejs\node.exe C:\Users\Ber\AppData\Roaming\npm\node_modules\firebase-tools\lib\bin\firebase.js init
[debug] [2022-07-25T00:19:06.553Z] CLI Version:   11.3.0
[debug] [2022-07-25T00:19:06.553Z] Platform:      win32
[debug] [2022-07-25T00:19:06.553Z] Node Version:  v16.14.0
[debug] [2022-07-25T00:19:06.554Z] Time:          Sun Jul 24 2022 21:19:06 GMT-0300 (hora estándar de Argentina)
[debug] [2022-07-25T00:19:06.554Z] ----------------------------------------------------------------------
[debug] 
[debug] [2022-07-25T00:19:06.561Z] > command requires scopes: ["email","openid","https://www.googleapis.com/auth/cloudplatformprojects.readonly","https://www.googleapis.com/auth/firebase","https://www.googleapis.com/auth/cloud-platform"]
[debug] [2022-07-25T00:19:06.562Z] > authorizing via signed-in user (profesorbernardov@gmail.com)
[info] 
     ######## #### ########  ######## ########     ###     ######  ########
     ##        ##  ##     ## ##       ##     ##  ##   ##  ##       ##
     ######    ##  ########  ######   ########  #########  ######  ######
     ##        ##  ##    ##  ##       ##     ## ##     ##       ## ##
     ##       #### ##     ## ######## ########  ##     ##  ######  ########

You're about to initialize a Firebase project in this directory:

  C:\Proyectos\ProyectoF6Deploy\FrontEndBAV\src\app

Before we get started, keep in mind:

  * You are currently outside your home directory

[info] 
=== Project Setup
[info] 
[info] First, let's associate this project directory with a Firebase project.
[info] You can create multiple project aliases by running firebase use --add, 
[info] but for now we'll just set up a default project.
[info] 
[debug] [2022-07-25T00:19:27.734Z] > refreshing access token with scopes: []
[debug] [2022-07-25T00:19:27.736Z] >>> [apiv2][query] POST https://www.googleapis.com/oauth2/v3/token [none]
[debug] [2022-07-25T00:19:27.737Z] >>> [apiv2][body] POST https://www.googleapis.com/oauth2/v3/token [omitted]
[debug] [2022-07-25T00:19:27.944Z] <<< [apiv2][status] POST https://www.googleapis.com/oauth2/v3/token 200
[debug] [2022-07-25T00:19:27.944Z] <<< [apiv2][body] POST https://www.googleapis.com/oauth2/v3/token [omitted]
[debug] [2022-07-25T00:19:27.987Z] >>> [apiv2][query] GET https://firebase.googleapis.com/v1beta1/projects pageSize=100
[debug] [2022-07-25T00:19:28.428Z] <<< [apiv2][status] GET https://firebase.googleapis.com/v1beta1/projects 200
[debug] [2022-07-25T00:19:28.428Z] <<< [apiv2][body] GET https://firebase.googleapis.com/v1beta1/projects [omitted]
[info] i  Using project backendbav (backendbav) 
[info] 
=== Hosting Setup
[info] 
[info] Your public directory is the folder (relative to your project directory) that
[info] will contain Hosting assets to be uploaded with firebase deploy. If you
[info] have a build process for your assets, use your build's output directory.
[info] 
[debug] [2022-07-25T00:57:04.619Z] Error: kill ENOSYS
    at process.kill (node:internal/process/per_thread:220:13)
    at process.listener (C:\Users\Ber\AppData\Roaming\npm\node_modules\firebase-tools\node_modules\signal-exit\index.js:95:15)
    at process.emit (node:events:520:28)
[error] 
[error] Error: An unexpected error has occurred.
